-------------------------------------------------------------------------------
Test set: edu.brown.cs.group1.search.SearchTest
-------------------------------------------------------------------------------
<<<<<<< HEAD
Tests run: 4, Failures: 0, Errors: 0, Skipped: 0, Time elapsed: 0.017 sec
=======
<<<<<<< HEAD
Tests run: 4, Failures: 0, Errors: 0, Skipped: 0, Time elapsed: 0.089 sec
=======
<<<<<<< HEAD
Tests run: 4, Failures: 0, Errors: 0, Skipped: 0, Time elapsed: 0.021 sec
=======
Tests run: 4, Failures: 0, Errors: 0, Skipped: 0, Time elapsed: 0.027 sec
>>>>>>> b01b2352769f21aa45e360a323cffdd9aa6e22ec
>>>>>>> e14050f752e30b46f97c82d60631f647da7599e9
>>>>>>> 8c80bc4710675195311fd07d9a5a3b70f94a3bd2
