-------------------------------------------------------------------------------
Test set: edu.brown.cs.TestTermiologyDatabase.MedicalProcedureDatabaseTest
-------------------------------------------------------------------------------
<<<<<<< HEAD
Tests run: 2, Failures: 0, Errors: 0, Skipped: 0, Time elapsed: 0.086 sec
=======
<<<<<<< HEAD
Tests run: 2, Failures: 0, Errors: 0, Skipped: 0, Time elapsed: 0.01 sec
=======
Tests run: 2, Failures: 0, Errors: 0, Skipped: 0, Time elapsed: 0.016 sec
>>>>>>> b01b2352769f21aa45e360a323cffdd9aa6e22ec
>>>>>>> e14050f752e30b46f97c82d60631f647da7599e9
