-------------------------------------------------------------------------------
Test set: edu.brown.cs.group1.similarity.TestExactSimilarity
-------------------------------------------------------------------------------
<<<<<<< HEAD
Tests run: 1, Failures: 0, Errors: 0, Skipped: 0, Time elapsed: 0.03 sec
=======
<<<<<<< HEAD
Tests run: 3, Failures: 0, Errors: 0, Skipped: 0, Time elapsed: 0.491 sec
=======
<<<<<<< HEAD
Tests run: 1, Failures: 0, Errors: 0, Skipped: 0, Time elapsed: 0.03 sec
=======
Tests run: 3, Failures: 0, Errors: 0, Skipped: 0, Time elapsed: 0.004 sec
>>>>>>> b01b2352769f21aa45e360a323cffdd9aa6e22ec
>>>>>>> e14050f752e30b46f97c82d60631f647da7599e9
>>>>>>> 8c80bc4710675195311fd07d9a5a3b70f94a3bd2
